

> backend@0.0.1 format /Users/alter/hospital_project/apps/backend
> prettier --write "src/**/*.ts"

src/app.controller.spec.ts[2K[1G[90msrc/app.controller.spec.ts[39m 21ms (unchanged)
src/app.controller.ts[2K[1G[90msrc/app.controller.ts[39m 2ms (unchanged)
src/app.module.ts[2K[1G[90msrc/app.module.ts[39m 2ms (unchanged)
src/app.service.ts[2K[1G[90msrc/app.service.ts[39m 1ms (unchanged)
src/appointments/appointments.controller.spec.ts[2K[1G[90msrc/appointments/appointments.controller.spec.ts[39m 2ms (unchanged)
src/appointments/appointments.controller.ts[2K[1G[90msrc/appointments/appointments.controller.ts[39m 3ms (unchanged)
src/appointments/appointments.module.ts[2K[1G[90msrc/appointments/appointments.module.ts[39m 1ms (unchanged)
src/appointments/appointments.service.spec.ts[2K[1G[90msrc/appointments/appointments.service.spec.ts[39m 1ms (unchanged)
src/appointments/appointments.service.ts[2K[1G[90msrc/appointments/appointments.service.ts[39m 2ms (unchanged)
src/appointments/dto/create-appointment.dto.ts[2K[1G[90msrc/appointments/dto/create-appointment.dto.ts[39m 1ms (unchanged)
src/appointments/dto/update-appointment.dto.ts[2K[1G[90msrc/appointments/dto/update-appointment.dto.ts[39m 1ms (unchanged)
src/appointments/entities/appointment.entity.ts[2K[1G[90msrc/appointments/entities/appointment.entity.ts[39m 0ms (unchanged)
src/auth/auth.controller.spec.ts[2K[1G[90msrc/auth/auth.controller.spec.ts[39m 1ms (unchanged)
src/auth/auth.controller.ts[2K[1G[90msrc/auth/auth.controller.ts[39m 1ms (unchanged)
src/auth/auth.module.ts[2K[1G[90msrc/auth/auth.module.ts[39m 2ms (unchanged)
src/auth/auth.service.spec.ts[2K[1G[90msrc/auth/auth.service.spec.ts[39m 1ms (unchanged)
src/auth/auth.service.ts[2K[1G[90msrc/auth/auth.service.ts[39m 2ms (unchanged)
src/auth/jwt/jwt.guard.spec.ts[2K[1G[90msrc/auth/jwt/jwt.guard.spec.ts[39m 0ms (unchanged)
src/auth/jwt/jwt.guard.ts[2K[1G[90msrc/auth/jwt/jwt.guard.ts[39m 0ms (unchanged)
src/auth/jwt/jwt.strategy.ts[2K[1G[90msrc/auth/jwt/jwt.strategy.ts[39m 2ms (unchanged)
src/auth/roles/roles.decorators.ts[2K[1G[90msrc/auth/roles/roles.decorators.ts[39m 2ms (unchanged)
src/auth/roles/roles.guard.spec.ts[2K[1G[90msrc/auth/roles/roles.guard.spec.ts[39m 1ms (unchanged)
src/auth/roles/roles.guard.ts[2K[1G[90msrc/auth/roles/roles.guard.ts[39m 2ms (unchanged)
src/billing/billing.controller.spec.ts[2K[1G[90msrc/billing/billing.controller.spec.ts[39m 1ms (unchanged)
src/billing/billing.controller.ts[2K[1G[90msrc/billing/billing.controller.ts[39m 1ms (unchanged)
src/billing/billing.module.ts[2K[1G[90msrc/billing/billing.module.ts[39m 1ms (unchanged)
src/billing/billing.service.spec.ts[2K[1G[90msrc/billing/billing.service.spec.ts[39m 1ms (unchanged)
src/billing/billing.service.ts[2K[1G[90msrc/billing/billing.service.ts[39m 1ms (unchanged)
src/billing/dto/create-billing.dto.ts[2K[1G[90msrc/billing/dto/create-billing.dto.ts[39m 1ms (unchanged)
src/billing/dto/update-billing.dto.ts[2K[1G[90msrc/billing/dto/update-billing.dto.ts[39m 0ms (unchanged)
src/billing/entities/billing.entity.ts[2K[1G[90msrc/billing/entities/billing.entity.ts[39m 0ms (unchanged)
src/main.ts[2K[1G[90msrc/main.ts[39m 3ms (unchanged)
src/patients/dto/create-patient.dto.ts[2K[1G[90msrc/patients/dto/create-patient.dto.ts[39m 1ms (unchanged)
src/patients/dto/update-patient.dto.ts[2K[1G[90msrc/patients/dto/update-patient.dto.ts[39m 0ms (unchanged)
src/patients/entities/patient.entity.ts[2K[1G[90msrc/patients/entities/patient.entity.ts[39m 0ms (unchanged)
src/patients/patients.controller.spec.ts[2K[1G[90msrc/patients/patients.controller.spec.ts[39m 1ms (unchanged)
src/patients/patients.controller.ts[2K[1G[90msrc/patients/patients.controller.ts[39m 1ms (unchanged)
src/patients/patients.module.ts[2K[1G[90msrc/patients/patients.module.ts[39m 0ms (unchanged)
src/patients/patients.service.spec.ts[2K[1G[90msrc/patients/patients.service.spec.ts[39m 1ms (unchanged)
src/patients/patients.service.ts[2K[1G[90msrc/patients/patients.service.ts[39m 2ms (unchanged)
src/prisma/prisma.module.ts[2K[1G[90msrc/prisma/prisma.module.ts[39m 1ms (unchanged)
src/prisma/prisma.service.ts[2K[1G[90msrc/prisma/prisma.service.ts[39m 1ms (unchanged)
src/queue/dto/create-queue.dto.ts[2K[1G[90msrc/queue/dto/create-queue.dto.ts[39m 0ms (unchanged)
src/queue/dto/update-queue.dto.ts[2K[1G[90msrc/queue/dto/update-queue.dto.ts[39m 0ms (unchanged)
src/queue/entities/queue.entity.ts[2K[1G[90msrc/queue/entities/queue.entity.ts[39m 0ms (unchanged)
src/queue/queue.controller.spec.ts[2K[1G[90msrc/queue/queue.controller.spec.ts[39m 1ms (unchanged)
src/queue/queue.controller.ts[2K[1G[90msrc/queue/queue.controller.ts[39m 1ms (unchanged)
src/queue/queue.module.ts[2K[1G[90msrc/queue/queue.module.ts[39m 0ms (unchanged)
src/queue/queue.service.spec.ts[2K[1G[90msrc/queue/queue.service.spec.ts[39m 1ms (unchanged)
src/queue/queue.service.ts[2K[1G[90msrc/queue/queue.service.ts[39m 2ms (unchanged)
src/users/dto/create-user.dto.ts[2K[1G[90msrc/users/dto/create-user.dto.ts[39m 1ms (unchanged)
src/users/dto/login-user.dto.ts[2K[1G[90msrc/users/dto/login-user.dto.ts[39m 0ms (unchanged)
src/users/dto/update-user.dto.ts[2K[1G[90msrc/users/dto/update-user.dto.ts[39m 0ms (unchanged)
src/users/entities/user.entity.ts[2K[1G[90msrc/users/entities/user.entity.ts[39m 0ms (unchanged)
src/users/users.controller.spec.ts[2K[1G[90msrc/users/users.controller.spec.ts[39m 1ms (unchanged)
src/users/users.controller.ts[2K[1G[90msrc/users/users.controller.ts[39m 1ms (unchanged)
src/users/users.module.ts[2K[1G[90msrc/users/users.module.ts[39m 1ms (unchanged)
src/users/users.service.spec.ts[2K[1G[90msrc/users/users.service.spec.ts[39m 1ms (unchanged)
src/users/users.service.ts[2K[1G[90msrc/users/users.service.ts[39m 3ms (unchanged)
